Using pre-set license
Built from '2020.3/staging' branch; Version is '2020.3.20f1 (41c4e627c95f) revision 4310246'; Using compiler version '192528614'; Build Type 'Release'
OS: 'Windows 10 Pro; OS build 19044.1348; Version 2009; 64bit' Language: 'en' Physical Memory: 16313 MB
BatchMode: 1, IsHumanControllingUs: 0, StartBugReporterOnCrash: 0, Is64bit: 1, IsPro: 0

COMMAND LINE ARGUMENTS:
C:\Unity\2020.3.20f1\Editor\Unity.exe
-adb2
-batchMode
-noUpm
-name
AssetImportWorker0
-projectPath
D:/Unity Projects/Burger
-logFile
Logs/AssetImportWorker0.log
-srvPort
55055
Successfully changed project path to: D:/Unity Projects/Burger
D:/Unity Projects/Burger
Using Asset Import Pipeline V2.
Refreshing native plugins compatible for Editor in 31.78 ms, found 2 plugins.
Preloading 0 native plugins for Editor in 0.00 ms.
Initialize engine version: 2020.3.20f1 (41c4e627c95f)
[Subsystems] Discovering subsystems at path C:/Unity/2020.3.20f1/Editor/Data/Resources/UnitySubsystems
[Subsystems] Discovering subsystems at path D:/Unity Projects/Burger/Assets
GfxDevice: creating device client; threaded=0
Direct3D:
    Version:  Direct3D 11.0 [level 11.1]
    Renderer: NVIDIA GeForce GTX 1650 (ID=0x1f82)
    Vendor:   
    VRAM:     3962 MB
    Driver:   30.0.14.9709
Initialize mono
Mono path[0] = 'C:/Unity/2020.3.20f1/Editor/Data/Managed'
Mono path[1] = 'C:/Unity/2020.3.20f1/Editor/Data/MonoBleedingEdge/lib/mono/unityjit'
Mono config path = 'C:/Unity/2020.3.20f1/Editor/Data/MonoBleedingEdge/etc'
Using monoOptions --debugger-agent=transport=dt_socket,embedding=1,server=y,suspend=n,address=127.0.0.1:56064
Begin MonoManager ReloadAssembly
Registering precompiled unity dll's ...
Register platform support module: C:/Unity/2020.3.20f1/Editor/Data/PlaybackEngines/WindowsStandaloneSupport/UnityEditor.WindowsStandalone.Extensions.dll
Registered in 0.001641 seconds.
Native extension for WindowsStandalone target not found
Refreshing native plugins compatible for Editor in 28.99 ms, found 2 plugins.
Preloading 0 native plugins for Editor in 0.00 ms.
Mono: successfully reloaded assembly
- Completed reload, in  2.363 seconds
Domain Reload Profiling:
	ReloadAssembly (2363ms)
		BeginReloadAssembly (44ms)
			ExecutionOrderSort (0ms)
			DisableScriptedObjects (0ms)
			BackupInstance (0ms)
			ReleaseScriptingObjects (0ms)
			CreateAndSetChildDomain (1ms)
		EndReloadAssembly (351ms)
			LoadAssemblies (42ms)
			RebuildTransferFunctionScriptingTraits (0ms)
			SetupTypeCache (132ms)
			ReleaseScriptCaches (0ms)
			RebuildScriptCaches (25ms)
			SetupLoadedEditorAssemblies (134ms)
				LogAssemblyErrors (0ms)
				InitializePlatformSupportModulesInManaged (3ms)
				SetLoadedEditorAssemblies (0ms)
				RefreshPlugins (29ms)
				BeforeProcessingInitializeOnLoad (11ms)
				ProcessInitializeOnLoadAttributes (68ms)
				ProcessInitializeOnLoadMethodAttributes (23ms)
				AfterProcessingInitializeOnLoad (0ms)
				EditorAssembliesLoaded (0ms)
			ExecutionOrderSort2 (0ms)
			AwakeInstancesAfterBackupRestoration (0ms)
Platform modules already initialized, skipping
Registering precompiled user dll's ...
Registered in 0.001502 seconds.
Begin MonoManager ReloadAssembly
Native extension for WindowsStandalone target not found
Refreshing native plugins compatible for Editor in 0.36 ms, found 2 plugins.
Preloading 0 native plugins for Editor in 0.00 ms.
Mono: successfully reloaded assembly
- Completed reload, in  0.889 seconds
Domain Reload Profiling:
	ReloadAssembly (890ms)
		BeginReloadAssembly (124ms)
			ExecutionOrderSort (0ms)
			DisableScriptedObjects (4ms)
			BackupInstance (0ms)
			ReleaseScriptingObjects (0ms)
			CreateAndSetChildDomain (16ms)
		EndReloadAssembly (710ms)
			LoadAssemblies (71ms)
			RebuildTransferFunctionScriptingTraits (0ms)
			SetupTypeCache (244ms)
			ReleaseScriptCaches (0ms)
			RebuildScriptCaches (39ms)
			SetupLoadedEditorAssemblies (264ms)
				LogAssemblyErrors (0ms)
				InitializePlatformSupportModulesInManaged (4ms)
				SetLoadedEditorAssemblies (0ms)
				RefreshPlugins (0ms)
				BeforeProcessingInitializeOnLoad (76ms)
				ProcessInitializeOnLoadAttributes (174ms)
				ProcessInitializeOnLoadMethodAttributes (4ms)
				AfterProcessingInitializeOnLoad (5ms)
				EditorAssembliesLoaded (0ms)
			ExecutionOrderSort2 (0ms)
			AwakeInstancesAfterBackupRestoration (5ms)
Platform modules already initialized, skipping
========================================================================
Worker process is ready to serve import requests
Launched and connected shader compiler UnityShaderCompiler.exe after 0.08 seconds
Refreshing native plugins compatible for Editor in 0.40 ms, found 2 plugins.
Preloading 0 native plugins for Editor in 0.00 ms.
Unloading 1750 Unused Serialized files (Serialized files now loaded: 0)
System memory in use before: 76.8 MB.
System memory in use after: 76.9 MB.

Unloading 17 unused Assets to reduce memory usage. Loaded Objects now: 2188.
Total: 2.905000 ms (FindLiveObjects: 0.182800 ms CreateObjectMapping: 0.055700 ms MarkObjects: 2.626400 ms  DeleteObjects: 0.039200 ms)

AssetImportParameters requested are different than current active one (requested -> active):
  custom:framework-win-MediaFoundation: 216162199b28c13a410421893ffa2e32 -> 
  custom:video-decoder-ogg-theora: a1e56fd34408186e4bbccfd4996cb3dc -> 
  custom:container-muxer-webm: aa71ff27fc2769a1b78a27578f13a17b -> 
  custom:container-demuxer-webm: 4f35f7cbe854078d1ac9338744f61a02 -> 
  custom:container-demuxer-ogg: 62fdf1f143b41e24485cea50d1cbac27 -> 
  custom:video-encoder-webm-vp8: eb34c28f22e8b96e1ab97ce403110664 -> 
  custom:video-decoder-webm-vp8: 9c59270c3fd7afecdb556c50c9e8de78 -> 
  custom:audio-decoder-ogg-vorbis: bf7c407c2cedff20999df2af8eb42d56 -> 
  custom:audio-encoder-webm-vorbis: bf7c407c2cedff20999df2af8eb42d56 -> 
========================================================================
Received Import Request.
  path: Assets/r.jpg
  artifactKey: Guid(cbf856ff502487949b2bd96787af34d9) Importer(815301076,1909f56bfc062723c751e8b465ee728b)
Start importing Assets/r.jpg using Guid(cbf856ff502487949b2bd96787af34d9) Importer(815301076,1909f56bfc062723c751e8b465ee728b)  -> (artifact id: 'eb27f9c7c808ffcda30947e3bc4ef09f') in 0.121065 seconds 
  Import took 0.144751 seconds .

========================================================================
Received Import Request.
  Time since last request: 0.000257 seconds.
  path: Assets/fr1.jpg
  artifactKey: Guid(4bdd167119f09004d94024bb6ab884b6) Importer(815301076,1909f56bfc062723c751e8b465ee728b)
Start importing Assets/fr1.jpg using Guid(4bdd167119f09004d94024bb6ab884b6) Importer(815301076,1909f56bfc062723c751e8b465ee728b)  -> (artifact id: '4a0926effde859e7bfacdb81ee275774') in 0.031801 seconds 
  Import took 0.063564 seconds .

========================================================================
Received Import Request.
  Time since last request: 0.000253 seconds.
  path: Assets/bi2.jpg
  artifactKey: Guid(aafb474b64c6b2c4d9744f868a70dc05) Importer(815301076,1909f56bfc062723c751e8b465ee728b)
Start importing Assets/bi2.jpg using Guid(aafb474b64c6b2c4d9744f868a70dc05) Importer(815301076,1909f56bfc062723c751e8b465ee728b)  -> (artifact id: '7cb3112ea354d32795049fc11f99a5ca') in 0.013952 seconds 
  Import took 0.017760 seconds .

========================================================================
Received Import Request.
  Time since last request: 0.000257 seconds.
  path: Assets/p1.jpg
  artifactKey: Guid(f90d30ad144bbf548852f23155f26cb9) Importer(815301076,1909f56bfc062723c751e8b465ee728b)
Start importing Assets/p1.jpg using Guid(f90d30ad144bbf548852f23155f26cb9) Importer(815301076,1909f56bfc062723c751e8b465ee728b)  -> (artifact id: '84b18be3078bc81672bcde1eb154d141') in 0.023742 seconds 
  Import took 0.040585 seconds .

========================================================================
Received Import Request.
  Time since last request: 0.000254 seconds.
  path: Assets/s0.jpg
  artifactKey: Guid(1888c46c773fa79448ba033a24b0c61d) Importer(815301076,1909f56bfc062723c751e8b465ee728b)
Start importing Assets/s0.jpg using Guid(1888c46c773fa79448ba033a24b0c61d) Importer(815301076,1909f56bfc062723c751e8b465ee728b)  -> (artifact id: '2ca88174bbb605481420a16a5085cffe') in 0.011410 seconds 
  Import took 0.021136 seconds .

========================================================================
Received Import Request.
  Time since last request: 211.033122 seconds.
  path: Assets/biryani.jpg
  artifactKey: Guid(a665cb841c4636843b75dc65d151446b) Importer(815301076,1909f56bfc062723c751e8b465ee728b)
Start importing Assets/biryani.jpg using Guid(a665cb841c4636843b75dc65d151446b) Importer(815301076,1909f56bfc062723c751e8b465ee728b)  -> (artifact id: '11e90ded1b15bb38975d41e4f042daf1') in 0.037701 seconds 
  Import took 0.041170 seconds .

========================================================================
Received Import Request.
  Time since last request: 0.000142 seconds.
  path: Assets/steak.jpg
  artifactKey: Guid(6fff7149cabed6b438d29f6a788d13d5) Importer(815301076,1909f56bfc062723c751e8b465ee728b)
Start importing Assets/steak.jpg using Guid(6fff7149cabed6b438d29f6a788d13d5) Importer(815301076,1909f56bfc062723c751e8b465ee728b)  -> (artifact id: '8ea1b54a0321cff723f8c7567cc02415') in 0.016862 seconds 
  Import took 0.019357 seconds .

========================================================================
Received Import Request.
  Time since last request: 0.000163 seconds.
  path: Assets/burger.jpg
  artifactKey: Guid(42fbc5dc121b24a4399d3bf5d5ba40fa) Importer(815301076,1909f56bfc062723c751e8b465ee728b)
Start importing Assets/burger.jpg using Guid(42fbc5dc121b24a4399d3bf5d5ba40fa) Importer(815301076,1909f56bfc062723c751e8b465ee728b)  -> (artifact id: 'a8fd3fab5af741ef81ac54371e6c70f6') in 0.016540 seconds 
  Import took 0.019060 seconds .

========================================================================
Received Import Request.
  Time since last request: 0.000188 seconds.
  path: Assets/fries.jpg
  artifactKey: Guid(5ab6c68c0a73c694c9fabba90b569631) Importer(815301076,1909f56bfc062723c751e8b465ee728b)
Start importing Assets/fries.jpg using Guid(5ab6c68c0a73c694c9fabba90b569631) Importer(815301076,1909f56bfc062723c751e8b465ee728b)  -> (artifact id: '45369f780acdf041ebb4e485b718eb68') in 0.013072 seconds 
  Import took 0.036096 seconds .

========================================================================
Received Import Request.
  Time since last request: 0.000241 seconds.
  path: Assets/pizza.jpg
  artifactKey: Guid(c3c9c10c76a995e4b9db09c370b24a15) Importer(815301076,1909f56bfc062723c751e8b465ee728b)
Start importing Assets/pizza.jpg using Guid(c3c9c10c76a995e4b9db09c370b24a15) Importer(815301076,1909f56bfc062723c751e8b465ee728b)  -> (artifact id: 'c6876ef73dc707f66a54ebb596cd8eec') in 0.030473 seconds 
  Import took 0.033004 seconds .

========================================================================
Received Import Request.
  Time since last request: 437.167299 seconds.
  path: Assets/ReferenceImageLibrary.asset
  artifactKey: Guid(d88fad90af68d1943be4a0cd089776ba) Importer(815301076,1909f56bfc062723c751e8b465ee728b)
Start importing Assets/ReferenceImageLibrary.asset using Guid(d88fad90af68d1943be4a0cd089776ba) Importer(815301076,1909f56bfc062723c751e8b465ee728b)  -> (artifact id: '57c5732b3d0c990a2da1062536b88175') in 0.021463 seconds 
  Import took 0.024888 seconds .

========================================================================
Received Prepare
Refreshing native plugins compatible for Editor in 1.70 ms, found 2 plugins.
Preloading 0 native plugins for Editor in 0.00 ms.
Unloading 10 Unused Serialized files (Serialized files now loaded: 0)
System memory in use before: 42.1 MB.
System memory in use after: 42.2 MB.

Unloading 9 unused Assets to reduce memory usage. Loaded Objects now: 2191.
Total: 3.384600 ms (FindLiveObjects: 0.181500 ms CreateObjectMapping: 0.051700 ms MarkObjects: 3.138600 ms  DeleteObjects: 0.012200 ms)

AssetImportParameters requested are different than current active one (requested -> active):
  custom:framework-win-MediaFoundation: 216162199b28c13a410421893ffa2e32 -> 
  custom:video-decoder-ogg-theora: a1e56fd34408186e4bbccfd4996cb3dc -> 
  custom:container-muxer-webm: aa71ff27fc2769a1b78a27578f13a17b -> 
  custom:container-demuxer-webm: 4f35f7cbe854078d1ac9338744f61a02 -> 
  custom:container-demuxer-ogg: 62fdf1f143b41e24485cea50d1cbac27 -> 
  custom:video-encoder-webm-vp8: eb34c28f22e8b96e1ab97ce403110664 -> 
  custom:video-decoder-webm-vp8: 9c59270c3fd7afecdb556c50c9e8de78 -> 
  custom:audio-decoder-ogg-vorbis: bf7c407c2cedff20999df2af8eb42d56 -> 
  custom:audio-encoder-webm-vorbis: bf7c407c2cedff20999df2af8eb42d56 -> 
========================================================================
Received Import Request.
  Time since last request: 32052.182734 seconds.
  path: Assets/Prefab Assets/biryani.png
  artifactKey: Guid(9784c477ea618b24f8cf691eed4bd37c) Importer(815301076,1909f56bfc062723c751e8b465ee728b)
Start importing Assets/Prefab Assets/biryani.png using Guid(9784c477ea618b24f8cf691eed4bd37c) Importer(815301076,1909f56bfc062723c751e8b465ee728b)  -> (artifact id: '2c9ce27b5eb487daeb95cfdb3c231d84') in 0.059995 seconds 
  Import took 0.080360 seconds .

========================================================================
Received Import Request.
  Time since last request: 0.000261 seconds.
  path: Assets/Prefab Assets/fries.png
  artifactKey: Guid(ec70996dfc05fa44bb6f1a86f9da5e7a) Importer(815301076,1909f56bfc062723c751e8b465ee728b)
Start importing Assets/Prefab Assets/fries.png using Guid(ec70996dfc05fa44bb6f1a86f9da5e7a) Importer(815301076,1909f56bfc062723c751e8b465ee728b)  -> (artifact id: '75ad8f8755901219b00b6c19465a412f') in 0.052315 seconds 
  Import took 0.067484 seconds .

========================================================================
Received Import Request.
  Time since last request: 0.000219 seconds.
  path: Assets/Prefab Assets/pizza.png
  artifactKey: Guid(54f3bdf2797f4ef44b85a523cae5d801) Importer(815301076,1909f56bfc062723c751e8b465ee728b)
Start importing Assets/Prefab Assets/pizza.png using Guid(54f3bdf2797f4ef44b85a523cae5d801) Importer(815301076,1909f56bfc062723c751e8b465ee728b)  -> (artifact id: 'b39584ecd6f93912bee2e06d2f7c4154') in 0.036187 seconds 
  Import took 0.039180 seconds .

========================================================================
Received Import Request.
  Time since last request: 0.000201 seconds.
  path: Assets/Prefab Assets/burger.png
  artifactKey: Guid(4f29c7bcc43cae34e9254a8e0cdd4f94) Importer(815301076,1909f56bfc062723c751e8b465ee728b)
Start importing Assets/Prefab Assets/burger.png using Guid(4f29c7bcc43cae34e9254a8e0cdd4f94) Importer(815301076,1909f56bfc062723c751e8b465ee728b)  -> (artifact id: '9ebbbf65a00e3d248cd74cab6eff0773') in 0.038130 seconds 
  Import took 0.067989 seconds .

========================================================================
Received Import Request.
  Time since last request: 0.000274 seconds.
  path: Assets/Prefab Assets/steak.png
  artifactKey: Guid(03f2b62201740cd499a1ae7e41bcd1a4) Importer(815301076,1909f56bfc062723c751e8b465ee728b)
Start importing Assets/Prefab Assets/steak.png using Guid(03f2b62201740cd499a1ae7e41bcd1a4) Importer(815301076,1909f56bfc062723c751e8b465ee728b)  -> (artifact id: '6b3e212b31f4d1b7a9e8349627370fb2') in 0.015077 seconds 
  Import took 0.017939 seconds .

========================================================================
Received Import Request.
  Time since last request: 14.116328 seconds.
  path: Assets/Prefab Assets/biryani.png
  artifactKey: Guid(9784c477ea618b24f8cf691eed4bd37c) Importer(815301076,1909f56bfc062723c751e8b465ee728b)
Start importing Assets/Prefab Assets/biryani.png using Guid(9784c477ea618b24f8cf691eed4bd37c) Importer(815301076,1909f56bfc062723c751e8b465ee728b)  -> (artifact id: 'efdb0737991d4971b9059d402fe09dc3') in 0.092483 seconds 
  Import took 0.134385 seconds .

========================================================================
Received Import Request.
  Time since last request: 16.982486 seconds.
  path: Assets/Prefab Assets/biryani 1.prefab
  artifactKey: Guid(668036c9ba1ff4a4c845347edbfadff6) Importer(815301076,1909f56bfc062723c751e8b465ee728b)
Start importing Assets/Prefab Assets/biryani 1.prefab using Guid(668036c9ba1ff4a4c845347edbfadff6) Importer(815301076,1909f56bfc062723c751e8b465ee728b)  -> (artifact id: '525107aec04b60b2c71416482af4ddc2') in 0.061740 seconds 
  Import took 0.092492 seconds .

========================================================================
Received Import Request.
  Time since last request: 95.428275 seconds.
  path: Assets/2D Sprites/biryani.png
  artifactKey: Guid(b8b12578f2e0ec64faf7250eaf1fa67e) Importer(815301076,1909f56bfc062723c751e8b465ee728b)
Start importing Assets/2D Sprites/biryani.png using Guid(b8b12578f2e0ec64faf7250eaf1fa67e) Importer(815301076,1909f56bfc062723c751e8b465ee728b)  -> (artifact id: 'a2d68fad0982c5cf3341407d195cb2e4') in 0.010873 seconds 
  Import took 0.014193 seconds .

========================================================================
Received Import Request.
  Time since last request: 0.000304 seconds.
  path: Assets/2D Sprites/burger.png
  artifactKey: Guid(d4573b0a18b0e714794677b2d8d2f9ca) Importer(815301076,1909f56bfc062723c751e8b465ee728b)
Start importing Assets/2D Sprites/burger.png using Guid(d4573b0a18b0e714794677b2d8d2f9ca) Importer(815301076,1909f56bfc062723c751e8b465ee728b)  -> (artifact id: '3da24d090185bcddcd211ab5cc847af6') in 0.011048 seconds 
  Import took 0.017855 seconds .

========================================================================
Received Import Request.
  Time since last request: 0.000198 seconds.
  path: Assets/2D Sprites/steak.png
  artifactKey: Guid(f0f867f516f7e724d9a3c5f4ead2d565) Importer(815301076,1909f56bfc062723c751e8b465ee728b)
Start importing Assets/2D Sprites/steak.png using Guid(f0f867f516f7e724d9a3c5f4ead2d565) Importer(815301076,1909f56bfc062723c751e8b465ee728b)  -> (artifact id: 'f9d9e2ecf6985c25d2c03beaf0b223e4') in 0.008684 seconds 
  Import took 0.013728 seconds .

========================================================================
Received Import Request.
  Time since last request: 0.000171 seconds.
  path: Assets/2D Sprites/fries.png
  artifactKey: Guid(1407f0fd6fca3b04498e3b3f4ac91028) Importer(815301076,1909f56bfc062723c751e8b465ee728b)
Start importing Assets/2D Sprites/fries.png using Guid(1407f0fd6fca3b04498e3b3f4ac91028) Importer(815301076,1909f56bfc062723c751e8b465ee728b)  -> (artifact id: '08d9edb92e430b7dab5570f63e175191') in 0.008422 seconds 
  Import took 0.023186 seconds .

========================================================================
Received Import Request.
  Time since last request: 0.000160 seconds.
  path: Assets/2D Sprites/pizza.png
  artifactKey: Guid(33211be42a1f6d74fa4458a1077cf7ef) Importer(815301076,1909f56bfc062723c751e8b465ee728b)
Start importing Assets/2D Sprites/pizza.png using Guid(33211be42a1f6d74fa4458a1077cf7ef) Importer(815301076,1909f56bfc062723c751e8b465ee728b)  -> (artifact id: 'e5e7d0c20c7e2ff5ba087d67700b1610') in 0.008408 seconds 
  Import took 0.020132 seconds .

========================================================================
Received Import Request.
  Time since last request: 102.603829 seconds.
  path: Assets/2D Sprites/biryani.png
  artifactKey: Guid(b8b12578f2e0ec64faf7250eaf1fa67e) Importer(815301076,1909f56bfc062723c751e8b465ee728b)
Start importing Assets/2D Sprites/biryani.png using Guid(b8b12578f2e0ec64faf7250eaf1fa67e) Importer(815301076,1909f56bfc062723c751e8b465ee728b)  -> (artifact id: '71ae33cbc4e335f81f3a20c26bee7784') in 0.015504 seconds 
  Import took 0.043066 seconds .

========================================================================
Received Import Request.
  Time since last request: 6.965529 seconds.
  path: Assets/2D Sprites/burger.png
  artifactKey: Guid(d4573b0a18b0e714794677b2d8d2f9ca) Importer(815301076,1909f56bfc062723c751e8b465ee728b)
Start importing Assets/2D Sprites/burger.png using Guid(d4573b0a18b0e714794677b2d8d2f9ca) Importer(815301076,1909f56bfc062723c751e8b465ee728b)  -> (artifact id: 'c7cfb106d89091f9b70bea9922b4e70b') in 0.017645 seconds 
  Import took 0.034676 seconds .

========================================================================
Received Import Request.
  Time since last request: 7.614604 seconds.
  path: Assets/2D Sprites/fries.png
  artifactKey: Guid(1407f0fd6fca3b04498e3b3f4ac91028) Importer(815301076,1909f56bfc062723c751e8b465ee728b)
Start importing Assets/2D Sprites/fries.png using Guid(1407f0fd6fca3b04498e3b3f4ac91028) Importer(815301076,1909f56bfc062723c751e8b465ee728b)  -> (artifact id: '7de09caf43df378715dd8861227f8904') in 0.013643 seconds 
  Import took 0.032811 seconds .

========================================================================
Received Import Request.
  Time since last request: 16.219611 seconds.
  path: Assets/2D Sprites/pizza.png
  artifactKey: Guid(33211be42a1f6d74fa4458a1077cf7ef) Importer(815301076,1909f56bfc062723c751e8b465ee728b)
Start importing Assets/2D Sprites/pizza.png using Guid(33211be42a1f6d74fa4458a1077cf7ef) Importer(815301076,1909f56bfc062723c751e8b465ee728b)  -> (artifact id: 'd9f232da4c70aa0408a2af3d7370e323') in 0.013983 seconds 
  Import took 0.041314 seconds .

========================================================================
Received Import Request.
  Time since last request: 6.308235 seconds.
  path: Assets/2D Sprites/steak.png
  artifactKey: Guid(f0f867f516f7e724d9a3c5f4ead2d565) Importer(815301076,1909f56bfc062723c751e8b465ee728b)
Start importing Assets/2D Sprites/steak.png using Guid(f0f867f516f7e724d9a3c5f4ead2d565) Importer(815301076,1909f56bfc062723c751e8b465ee728b)  -> (artifact id: '188dfacd128cee35f0db5fdb6148bb7f') in 0.012203 seconds 
  Import took 0.017985 seconds .

========================================================================
Received Import Request.
  Time since last request: 66.659900 seconds.
  path: Assets/Prefab Assets/biryani.prefab
  artifactKey: Guid(642a83b849abdc042b761f79e39f4c70) Importer(815301076,1909f56bfc062723c751e8b465ee728b)
Start importing Assets/Prefab Assets/biryani.prefab using Guid(642a83b849abdc042b761f79e39f4c70) Importer(815301076,1909f56bfc062723c751e8b465ee728b)  -> (artifact id: '1cf602d50d5ad534c3fccfdcb84e371f') in 0.012251 seconds 
  Import took 0.020922 seconds .

========================================================================
Received Import Request.
  Time since last request: 27.883618 seconds.
  path: Assets/Prefab Assets/biryani.prefab
  artifactKey: Guid(642a83b849abdc042b761f79e39f4c70) Importer(815301076,1909f56bfc062723c751e8b465ee728b)
Start importing Assets/Prefab Assets/biryani.prefab using Guid(642a83b849abdc042b761f79e39f4c70) Importer(815301076,1909f56bfc062723c751e8b465ee728b)  -> (artifact id: '7bdb3c29c398946631d0f376146c11bf') in 0.014441 seconds 
  Import took 0.041123 seconds .

========================================================================
Received Import Request.
  Time since last request: 6.504323 seconds.
  path: Assets/Prefab Assets/biryani.prefab
  artifactKey: Guid(642a83b849abdc042b761f79e39f4c70) Importer(815301076,1909f56bfc062723c751e8b465ee728b)
Start importing Assets/Prefab Assets/biryani.prefab using Guid(642a83b849abdc042b761f79e39f4c70) Importer(815301076,1909f56bfc062723c751e8b465ee728b)  -> (artifact id: '28bd2e52eebf950f664c1c071c66aa95') in 0.007399 seconds 
  Import took 0.016752 seconds .

========================================================================
Received Import Request.
  Time since last request: 9.597172 seconds.
  path: Assets/Prefab Assets/biryani.prefab
  artifactKey: Guid(642a83b849abdc042b761f79e39f4c70) Importer(815301076,1909f56bfc062723c751e8b465ee728b)
Start importing Assets/Prefab Assets/biryani.prefab using Guid(642a83b849abdc042b761f79e39f4c70) Importer(815301076,1909f56bfc062723c751e8b465ee728b)  -> (artifact id: '1f838d366bb1d7f4e6edccbb58ee8548') in 0.011715 seconds 
  Import took 0.024460 seconds .

========================================================================
Received Import Request.
  Time since last request: 0.567653 seconds.
  path: Assets/Prefab Assets/biryani.prefab
  artifactKey: Guid(642a83b849abdc042b761f79e39f4c70) Importer(815301076,1909f56bfc062723c751e8b465ee728b)
Start importing Assets/Prefab Assets/biryani.prefab using Guid(642a83b849abdc042b761f79e39f4c70) Importer(815301076,1909f56bfc062723c751e8b465ee728b)  -> (artifact id: '4d1aa664aad5472b2cf19cd83acff2bd') in 0.012817 seconds 
  Import took 0.015634 seconds .

========================================================================
Received Import Request.
  Time since last request: 5.038242 seconds.
  path: Assets/Prefab Assets/biryani.prefab
  artifactKey: Guid(642a83b849abdc042b761f79e39f4c70) Importer(815301076,1909f56bfc062723c751e8b465ee728b)
Start importing Assets/Prefab Assets/biryani.prefab using Guid(642a83b849abdc042b761f79e39f4c70) Importer(815301076,1909f56bfc062723c751e8b465ee728b)  -> (artifact id: 'fa8a8c7d0ed6c21bb50323844175d481') in 0.010153 seconds 
  Import took 0.034868 seconds .

========================================================================
Received Import Request.
  Time since last request: 2.194133 seconds.
  path: Assets/Prefab Assets/biryani.prefab
  artifactKey: Guid(642a83b849abdc042b761f79e39f4c70) Importer(815301076,1909f56bfc062723c751e8b465ee728b)
Start importing Assets/Prefab Assets/biryani.prefab using Guid(642a83b849abdc042b761f79e39f4c70) Importer(815301076,1909f56bfc062723c751e8b465ee728b)  -> (artifact id: 'bfe644dce750ad5f8f78679b7c62def1') in 0.010490 seconds 
  Import took 0.013395 seconds .

========================================================================
Received Import Request.
  Time since last request: 48.128951 seconds.
  path: Assets/Prefab Assets/biryani.prefab
  artifactKey: Guid(642a83b849abdc042b761f79e39f4c70) Importer(815301076,1909f56bfc062723c751e8b465ee728b)
Start importing Assets/Prefab Assets/biryani.prefab using Guid(642a83b849abdc042b761f79e39f4c70) Importer(815301076,1909f56bfc062723c751e8b465ee728b)  -> (artifact id: '420947789948df9f90d64a38307da95e') in 0.013984 seconds 
  Import took 0.033434 seconds .

========================================================================
Received Import Request.
  Time since last request: 38.348463 seconds.
  path: Assets/Prefab Assets/burger.prefab
  artifactKey: Guid(4863dc9f967e89e4da489ce348b1677b) Importer(815301076,1909f56bfc062723c751e8b465ee728b)
Start importing Assets/Prefab Assets/burger.prefab using Guid(4863dc9f967e89e4da489ce348b1677b) Importer(815301076,1909f56bfc062723c751e8b465ee728b)  -> (artifact id: '3ddae65baee9ecc50272ffdba8e498e6') in 0.013370 seconds 
  Import took 0.023375 seconds .

========================================================================
Received Import Request.
  Time since last request: 6.036850 seconds.
  path: Assets/Prefab Assets/burger.prefab
  artifactKey: Guid(4863dc9f967e89e4da489ce348b1677b) Importer(815301076,1909f56bfc062723c751e8b465ee728b)
Start importing Assets/Prefab Assets/burger.prefab using Guid(4863dc9f967e89e4da489ce348b1677b) Importer(815301076,1909f56bfc062723c751e8b465ee728b)  -> (artifact id: '2a880928012deaffd3a5e3f42a0f6cc6') in 0.016314 seconds 
  Import took 0.019305 seconds .

========================================================================
Received Import Request.
  Time since last request: 1.991323 seconds.
  path: Assets/Prefab Assets/burger.prefab
  artifactKey: Guid(4863dc9f967e89e4da489ce348b1677b) Importer(815301076,1909f56bfc062723c751e8b465ee728b)
Start importing Assets/Prefab Assets/burger.prefab using Guid(4863dc9f967e89e4da489ce348b1677b) Importer(815301076,1909f56bfc062723c751e8b465ee728b)  -> (artifact id: 'c52e7f77f25b9fb6e424b69ad0b6b4bd') in 0.065611 seconds 
  Import took 0.083766 seconds .

========================================================================
Received Import Request.
  Time since last request: 2.145144 seconds.
  path: Assets/Prefab Assets/burger.prefab
  artifactKey: Guid(4863dc9f967e89e4da489ce348b1677b) Importer(815301076,1909f56bfc062723c751e8b465ee728b)
Start importing Assets/Prefab Assets/burger.prefab using Guid(4863dc9f967e89e4da489ce348b1677b) Importer(815301076,1909f56bfc062723c751e8b465ee728b)  -> (artifact id: 'f124f6d5b3491d447c095fa4e02120e2') in 0.014268 seconds 
  Import took 0.017085 seconds .

========================================================================
Received Import Request.
  Time since last request: 3.758524 seconds.
  path: Assets/Prefab Assets/burger.prefab
  artifactKey: Guid(4863dc9f967e89e4da489ce348b1677b) Importer(815301076,1909f56bfc062723c751e8b465ee728b)
Start importing Assets/Prefab Assets/burger.prefab using Guid(4863dc9f967e89e4da489ce348b1677b) Importer(815301076,1909f56bfc062723c751e8b465ee728b)  -> (artifact id: '22aed7fb3161d1cb6e0b72cdf084cb18') in 0.015030 seconds 
  Import took 0.025619 seconds .

========================================================================
Received Import Request.
  Time since last request: 1.666997 seconds.
  path: Assets/Prefab Assets/burger.prefab
  artifactKey: Guid(4863dc9f967e89e4da489ce348b1677b) Importer(815301076,1909f56bfc062723c751e8b465ee728b)
Start importing Assets/Prefab Assets/burger.prefab using Guid(4863dc9f967e89e4da489ce348b1677b) Importer(815301076,1909f56bfc062723c751e8b465ee728b)  -> (artifact id: '857fec911107c8b204b76eadd79f9057') in 0.008035 seconds 
  Import took 0.010890 seconds .

========================================================================
Received Prepare
Refreshing native plugins compatible for Editor in 212.60 ms, found 2 plugins.
Preloading 0 native plugins for Editor in 0.00 ms.
Unloading 9 Unused Serialized files (Serialized files now loaded: 0)
System memory in use before: 45.5 MB.
System memory in use after: 45.6 MB.

Unloading 9 unused Assets to reduce memory usage. Loaded Objects now: 2199.
Total: 8.529200 ms (FindLiveObjects: 0.270700 ms CreateObjectMapping: 0.063700 ms MarkObjects: 8.176700 ms  DeleteObjects: 0.017100 ms)

AssetImportParameters requested are different than current active one (requested -> active):
  custom:framework-win-MediaFoundation: 216162199b28c13a410421893ffa2e32 -> 
  custom:video-decoder-ogg-theora: a1e56fd34408186e4bbccfd4996cb3dc -> 
  custom:container-muxer-webm: aa71ff27fc2769a1b78a27578f13a17b -> 
  custom:container-demuxer-webm: 4f35f7cbe854078d1ac9338744f61a02 -> 
  custom:container-demuxer-ogg: 62fdf1f143b41e24485cea50d1cbac27 -> 
  custom:video-encoder-webm-vp8: eb34c28f22e8b96e1ab97ce403110664 -> 
  custom:video-decoder-webm-vp8: 9c59270c3fd7afecdb556c50c9e8de78 -> 
  custom:audio-decoder-ogg-vorbis: bf7c407c2cedff20999df2af8eb42d56 -> 
  custom:audio-encoder-webm-vorbis: bf7c407c2cedff20999df2af8eb42d56 -> 
========================================================================
Received Import Request.
  Time since last request: 478.903102 seconds.
  path: Assets/Prefab Assets/fries.prefab
  artifactKey: Guid(c46c80f435eefe54283f8e27f29cf89d) Importer(815301076,1909f56bfc062723c751e8b465ee728b)
Start importing Assets/Prefab Assets/fries.prefab using Guid(c46c80f435eefe54283f8e27f29cf89d) Importer(815301076,1909f56bfc062723c751e8b465ee728b)  -> (artifact id: '77f27a4b6e3e4595335722533e96d094') in 0.015243 seconds 
  Import took 0.018669 seconds .

========================================================================
Received Import Request.
  Time since last request: 2.070765 seconds.
  path: Assets/Prefab Assets/pizza.prefab
  artifactKey: Guid(e3bd2d9b586da4d40a4c1289eef4f9f8) Importer(815301076,1909f56bfc062723c751e8b465ee728b)
Start importing Assets/Prefab Assets/pizza.prefab using Guid(e3bd2d9b586da4d40a4c1289eef4f9f8) Importer(815301076,1909f56bfc062723c751e8b465ee728b)  -> (artifact id: '2ac9d749d7d135e18379f7c860816b27') in 0.013375 seconds 
  Import took 0.033740 seconds .

========================================================================
Received Import Request.
  Time since last request: 1.685451 seconds.
  path: Assets/Prefab Assets/steak.prefab
  artifactKey: Guid(ae112eb223282a34d8d731d70623b061) Importer(815301076,1909f56bfc062723c751e8b465ee728b)
Start importing Assets/Prefab Assets/steak.prefab using Guid(ae112eb223282a34d8d731d70623b061) Importer(815301076,1909f56bfc062723c751e8b465ee728b)  -> (artifact id: 'c8590999d7325af60eb26cf0a67e1d05') in 0.013438 seconds 
  Import took 0.016309 seconds .

========================================================================
Received Import Request.
  Time since last request: 113.132402 seconds.
  path: Assets/Prefab Assets/fries.prefab
  artifactKey: Guid(c46c80f435eefe54283f8e27f29cf89d) Importer(815301076,1909f56bfc062723c751e8b465ee728b)
Start importing Assets/Prefab Assets/fries.prefab using Guid(c46c80f435eefe54283f8e27f29cf89d) Importer(815301076,1909f56bfc062723c751e8b465ee728b)  -> (artifact id: 'f4af44d427bbf4a5413948fa5ee696d7') in 0.013871 seconds 
  Import took 0.016983 seconds .

========================================================================
Received Import Request.
  Time since last request: 2.674096 seconds.
  path: Assets/Prefab Assets/fries.prefab
  artifactKey: Guid(c46c80f435eefe54283f8e27f29cf89d) Importer(815301076,1909f56bfc062723c751e8b465ee728b)
Start importing Assets/Prefab Assets/fries.prefab using Guid(c46c80f435eefe54283f8e27f29cf89d) Importer(815301076,1909f56bfc062723c751e8b465ee728b)  -> (artifact id: '845b13cea0c3d7dbe1d9309633c4d7bc') in 0.021959 seconds 
  Import took 0.024803 seconds .

========================================================================
Received Import Request.
  Time since last request: 3.566112 seconds.
  path: Assets/Prefab Assets/fries.prefab
  artifactKey: Guid(c46c80f435eefe54283f8e27f29cf89d) Importer(815301076,1909f56bfc062723c751e8b465ee728b)
Start importing Assets/Prefab Assets/fries.prefab using Guid(c46c80f435eefe54283f8e27f29cf89d) Importer(815301076,1909f56bfc062723c751e8b465ee728b)  -> (artifact id: '5bbaf3d17f05d043c4e11b21c3d681c0') in 0.016488 seconds 
  Import took 0.019401 seconds .

========================================================================
Received Import Request.
  Time since last request: 4.637290 seconds.
  path: Assets/Prefab Assets/fries.prefab
  artifactKey: Guid(c46c80f435eefe54283f8e27f29cf89d) Importer(815301076,1909f56bfc062723c751e8b465ee728b)
Start importing Assets/Prefab Assets/fries.prefab using Guid(c46c80f435eefe54283f8e27f29cf89d) Importer(815301076,1909f56bfc062723c751e8b465ee728b)  -> (artifact id: '62b15bf1c0fcbfce26973c245a692b75') in 0.008472 seconds 
  Import took 0.011980 seconds .

========================================================================
Received Import Request.
  Time since last request: 1.900552 seconds.
  path: Assets/Prefab Assets/fries.prefab
  artifactKey: Guid(c46c80f435eefe54283f8e27f29cf89d) Importer(815301076,1909f56bfc062723c751e8b465ee728b)
Start importing Assets/Prefab Assets/fries.prefab using Guid(c46c80f435eefe54283f8e27f29cf89d) Importer(815301076,1909f56bfc062723c751e8b465ee728b)  -> (artifact id: 'cbc3d2fbca4c748009fabde1f09d0e01') in 0.007943 seconds 
  Import took 0.010955 seconds .

========================================================================
Received Import Request.
  Time since last request: 17.561111 seconds.
  path: Assets/Prefab Assets/pizza.prefab
  artifactKey: Guid(e3bd2d9b586da4d40a4c1289eef4f9f8) Importer(815301076,1909f56bfc062723c751e8b465ee728b)
Start importing Assets/Prefab Assets/pizza.prefab using Guid(e3bd2d9b586da4d40a4c1289eef4f9f8) Importer(815301076,1909f56bfc062723c751e8b465ee728b)  -> (artifact id: 'cc16388f1674f5f9bda55b25c6c8f038') in 0.017925 seconds 
  Import took 0.020778 seconds .

========================================================================
Received Import Request.
  Time since last request: 0.993542 seconds.
  path: Assets/Prefab Assets/pizza.prefab
  artifactKey: Guid(e3bd2d9b586da4d40a4c1289eef4f9f8) Importer(815301076,1909f56bfc062723c751e8b465ee728b)
Start importing Assets/Prefab Assets/pizza.prefab using Guid(e3bd2d9b586da4d40a4c1289eef4f9f8) Importer(815301076,1909f56bfc062723c751e8b465ee728b)  -> (artifact id: '54cb2decfd3cb5c1d09f4f844ea7b9c8') in 0.016481 seconds 
  Import took 0.019278 seconds .

========================================================================
Received Import Request.
  Time since last request: 1.161094 seconds.
  path: Assets/Prefab Assets/pizza.prefab
  artifactKey: Guid(e3bd2d9b586da4d40a4c1289eef4f9f8) Importer(815301076,1909f56bfc062723c751e8b465ee728b)
Start importing Assets/Prefab Assets/pizza.prefab using Guid(e3bd2d9b586da4d40a4c1289eef4f9f8) Importer(815301076,1909f56bfc062723c751e8b465ee728b)  -> (artifact id: '60f7011fa1ba769e431a7e58ce487981') in 0.022213 seconds 
  Import took 0.025186 seconds .

========================================================================
Received Import Request.
  Time since last request: 19.892903 seconds.
  path: Assets/Prefab Assets/pizza.prefab
  artifactKey: Guid(e3bd2d9b586da4d40a4c1289eef4f9f8) Importer(815301076,1909f56bfc062723c751e8b465ee728b)
Start importing Assets/Prefab Assets/pizza.prefab using Guid(e3bd2d9b586da4d40a4c1289eef4f9f8) Importer(815301076,1909f56bfc062723c751e8b465ee728b)  -> (artifact id: 'b4ab45ed6f6303f3afd3621e5b761f2b') in 0.013577 seconds 
  Import took 0.016535 seconds .

========================================================================
Received Import Request.
  Time since last request: 2.879922 seconds.
  path: Assets/Prefab Assets/pizza.prefab
  artifactKey: Guid(e3bd2d9b586da4d40a4c1289eef4f9f8) Importer(815301076,1909f56bfc062723c751e8b465ee728b)
Start importing Assets/Prefab Assets/pizza.prefab using Guid(e3bd2d9b586da4d40a4c1289eef4f9f8) Importer(815301076,1909f56bfc062723c751e8b465ee728b)  -> (artifact id: '73a4741181e135a702c9327467d66015') in 0.007386 seconds 
  Import took 0.010180 seconds .

========================================================================
Received Import Request.
  Time since last request: 14.493022 seconds.
  path: Assets/Prefab Assets/steak.prefab
  artifactKey: Guid(ae112eb223282a34d8d731d70623b061) Importer(815301076,1909f56bfc062723c751e8b465ee728b)
Start importing Assets/Prefab Assets/steak.prefab using Guid(ae112eb223282a34d8d731d70623b061) Importer(815301076,1909f56bfc062723c751e8b465ee728b)  -> (artifact id: 'd79a2cc2e43ff779cc5c4cf21b759914') in 0.010786 seconds 
  Import took 0.014318 seconds .

========================================================================
Received Import Request.
  Time since last request: 1.358677 seconds.
  path: Assets/Prefab Assets/steak.prefab
  artifactKey: Guid(ae112eb223282a34d8d731d70623b061) Importer(815301076,1909f56bfc062723c751e8b465ee728b)
Start importing Assets/Prefab Assets/steak.prefab using Guid(ae112eb223282a34d8d731d70623b061) Importer(815301076,1909f56bfc062723c751e8b465ee728b)  -> (artifact id: '334120c10bd4ec4fde8a3e2b3d5b86f6') in 0.011208 seconds 
  Import took 0.014302 seconds .

========================================================================
Received Import Request.
  Time since last request: 1.618791 seconds.
  path: Assets/Prefab Assets/steak.prefab
  artifactKey: Guid(ae112eb223282a34d8d731d70623b061) Importer(815301076,1909f56bfc062723c751e8b465ee728b)
Start importing Assets/Prefab Assets/steak.prefab using Guid(ae112eb223282a34d8d731d70623b061) Importer(815301076,1909f56bfc062723c751e8b465ee728b)  -> (artifact id: '58d9444081272c273d3867c523f4e8c5') in 0.014131 seconds 
  Import took 0.016972 seconds .

========================================================================
Received Import Request.
  Time since last request: 2.428674 seconds.
  path: Assets/Prefab Assets/steak.prefab
  artifactKey: Guid(ae112eb223282a34d8d731d70623b061) Importer(815301076,1909f56bfc062723c751e8b465ee728b)
Start importing Assets/Prefab Assets/steak.prefab using Guid(ae112eb223282a34d8d731d70623b061) Importer(815301076,1909f56bfc062723c751e8b465ee728b)  -> (artifact id: 'd87caa9e613c4e7de28e729962855f5b') in 0.014365 seconds 
  Import took 0.017157 seconds .

========================================================================
Received Import Request.
  Time since last request: 2.084287 seconds.
  path: Assets/Prefab Assets/steak.prefab
  artifactKey: Guid(ae112eb223282a34d8d731d70623b061) Importer(815301076,1909f56bfc062723c751e8b465ee728b)
Start importing Assets/Prefab Assets/steak.prefab using Guid(ae112eb223282a34d8d731d70623b061) Importer(815301076,1909f56bfc062723c751e8b465ee728b)  -> (artifact id: '8cfe795b33e2f18046c09f4028b4d7bb') in 0.006205 seconds 
  Import took 0.008993 seconds .

========================================================================
Received Import Request.
  Time since last request: 1419.700833 seconds.
  path: Assets/ImageTracking.cs
  artifactKey: Guid(421402f283303d04caaa498ab8849050) Importer(815301076,1909f56bfc062723c751e8b465ee728b)
Start importing Assets/ImageTracking.cs using Guid(421402f283303d04caaa498ab8849050) Importer(815301076,1909f56bfc062723c751e8b465ee728b)  -> (artifact id: '4eb5484fa70ea91b45356393c82f7ad1') in 0.013913 seconds 
  Import took 0.021105 seconds .

========================================================================
Received Prepare
Registering precompiled user dll's ...
Registered in 0.001486 seconds.
Begin MonoManager ReloadAssembly
Native extension for WindowsStandalone target not found
Refreshing native plugins compatible for Editor in 0.36 ms, found 2 plugins.
Preloading 0 native plugins for Editor in 0.00 ms.
Mono: successfully reloaded assembly
- Completed reload, in  0.874 seconds
Domain Reload Profiling:
	ReloadAssembly (875ms)
		BeginReloadAssembly (133ms)
			ExecutionOrderSort (0ms)
			DisableScriptedObjects (5ms)
			BackupInstance (0ms)
			ReleaseScriptingObjects (0ms)
			CreateAndSetChildDomain (66ms)
		EndReloadAssembly (685ms)
			LoadAssemblies (76ms)
			RebuildTransferFunctionScriptingTraits (0ms)
			SetupTypeCache (244ms)
			ReleaseScriptCaches (1ms)
			RebuildScriptCaches (32ms)
			SetupLoadedEditorAssemblies (240ms)
				LogAssemblyErrors (0ms)
				InitializePlatformSupportModulesInManaged (4ms)
				SetLoadedEditorAssemblies (0ms)
				RefreshPlugins (0ms)
				BeforeProcessingInitializeOnLoad (68ms)
				ProcessInitializeOnLoadAttributes (159ms)
				ProcessInitializeOnLoadMethodAttributes (3ms)
				AfterProcessingInitializeOnLoad (5ms)
				EditorAssembliesLoaded (0ms)
			ExecutionOrderSort2 (0ms)
			AwakeInstancesAfterBackupRestoration (6ms)
Platform modules already initialized, skipping
Switching build target platform(19) subTarget(0) extendedPlatform(0) -> platform(13) subTarget(589824) extendedPlatform(0)
Refreshing native plugins compatible for Editor in 0.36 ms, found 2 plugins.
Preloading 0 native plugins for Editor in 0.00 ms.
Unloading 1742 Unused Serialized files (Serialized files now loaded: 0)
System memory in use before: 79.3 MB.
System memory in use after: 79.4 MB.

Unloading 13 unused Assets to reduce memory usage. Loaded Objects now: 2201.
Total: 2.926000 ms (FindLiveObjects: 0.159900 ms CreateObjectMapping: 0.052300 ms MarkObjects: 2.671400 ms  DeleteObjects: 0.041000 ms)

AssetImportParameters requested are different than current active one (requested -> active):
  custom:framework-win-MediaFoundation: 216162199b28c13a410421893ffa2e32 -> 
  custom:video-decoder-ogg-theora: a1e56fd34408186e4bbccfd4996cb3dc -> 
  custom:container-muxer-webm: aa71ff27fc2769a1b78a27578f13a17b -> 
  custom:container-demuxer-webm: 4f35f7cbe854078d1ac9338744f61a02 -> 
  custom:container-demuxer-ogg: 62fdf1f143b41e24485cea50d1cbac27 -> 
  custom:video-encoder-webm-vp8: eb34c28f22e8b96e1ab97ce403110664 -> 
  custom:video-decoder-webm-vp8: 9c59270c3fd7afecdb556c50c9e8de78 -> 
  custom:graphics/normal-map-encoding: 01000000000000000000000000000000 -> 02000000000000000000000000000000
  custom:audio-decoder-ogg-vorbis: bf7c407c2cedff20999df2af8eb42d56 -> 
  custom:audio-encoder-webm-vorbis: bf7c407c2cedff20999df2af8eb42d56 -> 
========================================================================
Received Prepare
Registering precompiled user dll's ...
Registered in 0.001475 seconds.
Begin MonoManager ReloadAssembly
Native extension for WindowsStandalone target not found
Refreshing native plugins compatible for Editor in 0.38 ms, found 2 plugins.
Preloading 0 native plugins for Editor in 0.00 ms.
Mono: successfully reloaded assembly
- Completed reload, in  0.845 seconds
Domain Reload Profiling:
	ReloadAssembly (845ms)
		BeginReloadAssembly (104ms)
			ExecutionOrderSort (0ms)
			DisableScriptedObjects (4ms)
			BackupInstance (0ms)
			ReleaseScriptingObjects (0ms)
			CreateAndSetChildDomain (32ms)
		EndReloadAssembly (681ms)
			LoadAssemblies (78ms)
			RebuildTransferFunctionScriptingTraits (0ms)
			SetupTypeCache (244ms)
			ReleaseScriptCaches (1ms)
			RebuildScriptCaches (32ms)
			SetupLoadedEditorAssemblies (238ms)
				LogAssemblyErrors (0ms)
				InitializePlatformSupportModulesInManaged (4ms)
				SetLoadedEditorAssemblies (0ms)
				RefreshPlugins (0ms)
				BeforeProcessingInitializeOnLoad (68ms)
				ProcessInitializeOnLoadAttributes (156ms)
				ProcessInitializeOnLoadMethodAttributes (4ms)
				AfterProcessingInitializeOnLoad (5ms)
				EditorAssembliesLoaded (0ms)
			ExecutionOrderSort2 (0ms)
			AwakeInstancesAfterBackupRestoration (6ms)
Platform modules already initialized, skipping
Switching build target platform(19) subTarget(0) extendedPlatform(0) -> platform(13) subTarget(589824) extendedPlatform(0)
Refreshing native plugins compatible for Editor in 0.37 ms, found 2 plugins.
Preloading 0 native plugins for Editor in 0.00 ms.
Unloading 1743 Unused Serialized files (Serialized files now loaded: 0)
System memory in use before: 79.6 MB.
System memory in use after: 79.7 MB.

Unloading 13 unused Assets to reduce memory usage. Loaded Objects now: 2204.
Total: 2.813000 ms (FindLiveObjects: 0.170300 ms CreateObjectMapping: 0.051600 ms MarkObjects: 2.535600 ms  DeleteObjects: 0.054600 ms)

AssetImportParameters requested are different than current active one (requested -> active):
  custom:framework-win-MediaFoundation: 216162199b28c13a410421893ffa2e32 -> 
  custom:video-decoder-ogg-theora: a1e56fd34408186e4bbccfd4996cb3dc -> 
  custom:container-muxer-webm: aa71ff27fc2769a1b78a27578f13a17b -> 
  custom:container-demuxer-webm: 4f35f7cbe854078d1ac9338744f61a02 -> 
  custom:container-demuxer-ogg: 62fdf1f143b41e24485cea50d1cbac27 -> 
  custom:video-encoder-webm-vp8: eb34c28f22e8b96e1ab97ce403110664 -> 
  custom:video-decoder-webm-vp8: 9c59270c3fd7afecdb556c50c9e8de78 -> 
  custom:graphics/normal-map-encoding: 01000000000000000000000000000000 -> 02000000000000000000000000000000
  custom:audio-decoder-ogg-vorbis: bf7c407c2cedff20999df2af8eb42d56 -> 
  custom:audio-encoder-webm-vorbis: bf7c407c2cedff20999df2af8eb42d56 -> 
========================================================================
Received Prepare
Registering precompiled user dll's ...
Registered in 0.001492 seconds.
Begin MonoManager ReloadAssembly
Native extension for WindowsStandalone target not found
Refreshing native plugins compatible for Editor in 0.37 ms, found 2 plugins.
Preloading 0 native plugins for Editor in 0.00 ms.
Mono: successfully reloaded assembly
- Completed reload, in  0.825 seconds
Domain Reload Profiling:
	ReloadAssembly (826ms)
		BeginReloadAssembly (87ms)
			ExecutionOrderSort (0ms)
			DisableScriptedObjects (4ms)
			BackupInstance (0ms)
			ReleaseScriptingObjects (0ms)
			CreateAndSetChildDomain (28ms)
		EndReloadAssembly (684ms)
			LoadAssemblies (71ms)
			RebuildTransferFunctionScriptingTraits (0ms)
			SetupTypeCache (237ms)
			ReleaseScriptCaches (1ms)
			RebuildScriptCaches (32ms)
			SetupLoadedEditorAssemblies (242ms)
				LogAssemblyErrors (0ms)
				InitializePlatformSupportModulesInManaged (5ms)
				SetLoadedEditorAssemblies (0ms)
				RefreshPlugins (0ms)
				BeforeProcessingInitializeOnLoad (70ms)
				ProcessInitializeOnLoadAttributes (158ms)
				ProcessInitializeOnLoadMethodAttributes (4ms)
				AfterProcessingInitializeOnLoad (5ms)
				EditorAssembliesLoaded (0ms)
			ExecutionOrderSort2 (0ms)
			AwakeInstancesAfterBackupRestoration (6ms)
Platform modules already initialized, skipping
Switching build target platform(19) subTarget(0) extendedPlatform(0) -> platform(13) subTarget(589824) extendedPlatform(0)
Refreshing native plugins compatible for Editor in 0.36 ms, found 2 plugins.
Preloading 0 native plugins for Editor in 0.00 ms.
Unloading 1743 Unused Serialized files (Serialized files now loaded: 0)
System memory in use before: 79.6 MB.
System memory in use after: 79.7 MB.

Unloading 13 unused Assets to reduce memory usage. Loaded Objects now: 2207.
Total: 2.461200 ms (FindLiveObjects: 0.158700 ms CreateObjectMapping: 0.046800 ms MarkObjects: 2.226900 ms  DeleteObjects: 0.028100 ms)

AssetImportParameters requested are different than current active one (requested -> active):
  custom:framework-win-MediaFoundation: 216162199b28c13a410421893ffa2e32 -> 
  custom:video-decoder-ogg-theora: a1e56fd34408186e4bbccfd4996cb3dc -> 
  custom:container-muxer-webm: aa71ff27fc2769a1b78a27578f13a17b -> 
  custom:container-demuxer-webm: 4f35f7cbe854078d1ac9338744f61a02 -> 
  custom:container-demuxer-ogg: 62fdf1f143b41e24485cea50d1cbac27 -> 
  custom:video-encoder-webm-vp8: eb34c28f22e8b96e1ab97ce403110664 -> 
  custom:video-decoder-webm-vp8: 9c59270c3fd7afecdb556c50c9e8de78 -> 
  custom:graphics/normal-map-encoding: 01000000000000000000000000000000 -> 02000000000000000000000000000000
  custom:audio-decoder-ogg-vorbis: bf7c407c2cedff20999df2af8eb42d56 -> 
  custom:audio-encoder-webm-vorbis: bf7c407c2cedff20999df2af8eb42d56 -> 
========================================================================
Received Prepare
Refreshing native plugins compatible for Editor in 1.88 ms, found 2 plugins.
Preloading 0 native plugins for Editor in 0.00 ms.
Unloading 10 Unused Serialized files (Serialized files now loaded: 0)
System memory in use before: 45.2 MB.
System memory in use after: 45.3 MB.

Unloading 9 unused Assets to reduce memory usage. Loaded Objects now: 2208.
Total: 2.394900 ms (FindLiveObjects: 0.174300 ms CreateObjectMapping: 0.052700 ms MarkObjects: 2.157100 ms  DeleteObjects: 0.010000 ms)

AssetImportParameters requested are different than current active one (requested -> active):
  custom:framework-win-MediaFoundation: 216162199b28c13a410421893ffa2e32 -> 
  custom:video-decoder-ogg-theora: a1e56fd34408186e4bbccfd4996cb3dc -> 
  custom:container-muxer-webm: aa71ff27fc2769a1b78a27578f13a17b -> 
  custom:container-demuxer-webm: 4f35f7cbe854078d1ac9338744f61a02 -> 
  custom:container-demuxer-ogg: 62fdf1f143b41e24485cea50d1cbac27 -> 
  custom:video-encoder-webm-vp8: eb34c28f22e8b96e1ab97ce403110664 -> 
  custom:video-decoder-webm-vp8: 9c59270c3fd7afecdb556c50c9e8de78 -> 
  custom:audio-decoder-ogg-vorbis: bf7c407c2cedff20999df2af8eb42d56 -> 
  custom:audio-encoder-webm-vorbis: bf7c407c2cedff20999df2af8eb42d56 -> 
========================================================================
Received Prepare
Registering precompiled user dll's ...
Registered in 0.001655 seconds.
Begin MonoManager ReloadAssembly
Native extension for WindowsStandalone target not found
Refreshing native plugins compatible for Editor in 0.36 ms, found 2 plugins.
Preloading 0 native plugins for Editor in 0.00 ms.
Mono: successfully reloaded assembly
- Completed reload, in  0.850 seconds
Domain Reload Profiling:
	ReloadAssembly (850ms)
		BeginReloadAssembly (100ms)
			ExecutionOrderSort (0ms)
			DisableScriptedObjects (4ms)
			BackupInstance (0ms)
			ReleaseScriptingObjects (0ms)
			CreateAndSetChildDomain (29ms)
		EndReloadAssembly (694ms)
			LoadAssemblies (76ms)
			RebuildTransferFunctionScriptingTraits (0ms)
			SetupTypeCache (238ms)
			ReleaseScriptCaches (1ms)
			RebuildScriptCaches (31ms)
			SetupLoadedEditorAssemblies (239ms)
				LogAssemblyErrors (0ms)
				InitializePlatformSupportModulesInManaged (4ms)
				SetLoadedEditorAssemblies (1ms)
				RefreshPlugins (0ms)
				BeforeProcessingInitializeOnLoad (68ms)
				ProcessInitializeOnLoadAttributes (157ms)
				ProcessInitializeOnLoadMethodAttributes (4ms)
				AfterProcessingInitializeOnLoad (6ms)
				EditorAssembliesLoaded (0ms)
			ExecutionOrderSort2 (0ms)
			AwakeInstancesAfterBackupRestoration (6ms)
Platform modules already initialized, skipping
Switching build target platform(19) subTarget(0) extendedPlatform(0) -> platform(13) subTarget(589824) extendedPlatform(0)
Refreshing native plugins compatible for Editor in 0.40 ms, found 2 plugins.
Preloading 0 native plugins for Editor in 0.00 ms.
Unloading 1742 Unused Serialized files (Serialized files now loaded: 0)
System memory in use before: 79.4 MB.
System memory in use after: 79.5 MB.

Unloading 12 unused Assets to reduce memory usage. Loaded Objects now: 2211.
Total: 2.458400 ms (FindLiveObjects: 0.162200 ms CreateObjectMapping: 0.050700 ms MarkObjects: 2.230900 ms  DeleteObjects: 0.013400 ms)

AssetImportParameters requested are different than current active one (requested -> active):
  custom:framework-win-MediaFoundation: 216162199b28c13a410421893ffa2e32 -> 
  custom:video-decoder-ogg-theora: a1e56fd34408186e4bbccfd4996cb3dc -> 
  custom:container-muxer-webm: aa71ff27fc2769a1b78a27578f13a17b -> 
  custom:container-demuxer-webm: 4f35f7cbe854078d1ac9338744f61a02 -> 
  custom:container-demuxer-ogg: 62fdf1f143b41e24485cea50d1cbac27 -> 
  custom:video-encoder-webm-vp8: eb34c28f22e8b96e1ab97ce403110664 -> 
  custom:video-decoder-webm-vp8: 9c59270c3fd7afecdb556c50c9e8de78 -> 
  custom:graphics/normal-map-encoding: 01000000000000000000000000000000 -> 02000000000000000000000000000000
  custom:audio-decoder-ogg-vorbis: bf7c407c2cedff20999df2af8eb42d56 -> 
  custom:audio-encoder-webm-vorbis: bf7c407c2cedff20999df2af8eb42d56 -> 
========================================================================
Received Prepare
Refreshing native plugins compatible for Editor in 1.71 ms, found 2 plugins.
Preloading 0 native plugins for Editor in 0.00 ms.
Unloading 9 Unused Serialized files (Serialized files now loaded: 0)
System memory in use before: 45.0 MB.
System memory in use after: 45.1 MB.

Unloading 9 unused Assets to reduce memory usage. Loaded Objects now: 2211.
Total: 2.548900 ms (FindLiveObjects: 0.179100 ms CreateObjectMapping: 0.057200 ms MarkObjects: 2.301100 ms  DeleteObjects: 0.010600 ms)

AssetImportParameters requested are different than current active one (requested -> active):
  custom:framework-win-MediaFoundation: 216162199b28c13a410421893ffa2e32 -> 
  custom:video-decoder-ogg-theora: a1e56fd34408186e4bbccfd4996cb3dc -> 
  custom:container-muxer-webm: aa71ff27fc2769a1b78a27578f13a17b -> 
  custom:container-demuxer-webm: 4f35f7cbe854078d1ac9338744f61a02 -> 
  custom:container-demuxer-ogg: 62fdf1f143b41e24485cea50d1cbac27 -> 
  custom:video-encoder-webm-vp8: eb34c28f22e8b96e1ab97ce403110664 -> 
  custom:video-decoder-webm-vp8: 9c59270c3fd7afecdb556c50c9e8de78 -> 
  custom:audio-decoder-ogg-vorbis: bf7c407c2cedff20999df2af8eb42d56 -> 
  custom:audio-encoder-webm-vorbis: bf7c407c2cedff20999df2af8eb42d56 -> 
========================================================================
Received Prepare
Refreshing native plugins compatible for Editor in 1.66 ms, found 2 plugins.
Preloading 0 native plugins for Editor in 0.00 ms.
Unloading 9 Unused Serialized files (Serialized files now loaded: 0)
System memory in use before: 45.0 MB.
System memory in use after: 45.1 MB.

Unloading 9 unused Assets to reduce memory usage. Loaded Objects now: 2211.
Total: 3.369100 ms (FindLiveObjects: 0.186700 ms CreateObjectMapping: 0.053800 ms MarkObjects: 3.114700 ms  DeleteObjects: 0.012400 ms)

AssetImportParameters requested are different than current active one (requested -> active):
  custom:framework-win-MediaFoundation: 216162199b28c13a410421893ffa2e32 -> 
  custom:video-decoder-ogg-theora: a1e56fd34408186e4bbccfd4996cb3dc -> 
  custom:container-muxer-webm: aa71ff27fc2769a1b78a27578f13a17b -> 
  custom:container-demuxer-webm: 4f35f7cbe854078d1ac9338744f61a02 -> 
  custom:container-demuxer-ogg: 62fdf1f143b41e24485cea50d1cbac27 -> 
  custom:video-encoder-webm-vp8: eb34c28f22e8b96e1ab97ce403110664 -> 
  custom:video-decoder-webm-vp8: 9c59270c3fd7afecdb556c50c9e8de78 -> 
  custom:audio-decoder-ogg-vorbis: bf7c407c2cedff20999df2af8eb42d56 -> 
  custom:audio-encoder-webm-vorbis: bf7c407c2cedff20999df2af8eb42d56 -> 
========================================================================
Received Import Request.
  Time since last request: 1984.927291 seconds.
  path: Assets/ImageTracking.cs
  artifactKey: Guid(421402f283303d04caaa498ab8849050) Importer(815301076,1909f56bfc062723c751e8b465ee728b)
Start importing Assets/ImageTracking.cs using Guid(421402f283303d04caaa498ab8849050) Importer(815301076,1909f56bfc062723c751e8b465ee728b)  -> (artifact id: 'd136a6984210706a4c58bab099996ebb') in 0.003019 seconds 
  Import took 0.006391 seconds .

========================================================================
Received Import Request.
  Time since last request: 667.344707 seconds.
  path: Assets/ImageTracking.cs
  artifactKey: Guid(421402f283303d04caaa498ab8849050) Importer(815301076,1909f56bfc062723c751e8b465ee728b)
Start importing Assets/ImageTracking.cs using Guid(421402f283303d04caaa498ab8849050) Importer(815301076,1909f56bfc062723c751e8b465ee728b)  -> (artifact id: '1ebb1a98d27266a741491d3990daa40a') in 0.001870 seconds 
  Import took 0.005076 seconds .

========================================================================
Received Prepare
Registering precompiled user dll's ...
Registered in 0.001528 seconds.
Begin MonoManager ReloadAssembly
Native extension for WindowsStandalone target not found
Refreshing native plugins compatible for Editor in 0.36 ms, found 2 plugins.
Preloading 0 native plugins for Editor in 0.00 ms.
Mono: successfully reloaded assembly
- Completed reload, in  0.840 seconds
Domain Reload Profiling:
	ReloadAssembly (840ms)
		BeginReloadAssembly (100ms)
			ExecutionOrderSort (0ms)
			DisableScriptedObjects (4ms)
			BackupInstance (0ms)
			ReleaseScriptingObjects (0ms)
			CreateAndSetChildDomain (30ms)
		EndReloadAssembly (687ms)
			LoadAssemblies (69ms)
			RebuildTransferFunctionScriptingTraits (0ms)
			SetupTypeCache (237ms)
			ReleaseScriptCaches (1ms)
			RebuildScriptCaches (31ms)
			SetupLoadedEditorAssemblies (234ms)
				LogAssemblyErrors (0ms)
				InitializePlatformSupportModulesInManaged (4ms)
				SetLoadedEditorAssemblies (0ms)
				RefreshPlugins (0ms)
				BeforeProcessingInitializeOnLoad (67ms)
				ProcessInitializeOnLoadAttributes (154ms)
				ProcessInitializeOnLoadMethodAttributes (3ms)
				AfterProcessingInitializeOnLoad (5ms)
				EditorAssembliesLoaded (0ms)
			ExecutionOrderSort2 (0ms)
			AwakeInstancesAfterBackupRestoration (6ms)
Platform modules already initialized, skipping
Switching build target platform(19) subTarget(0) extendedPlatform(0) -> platform(13) subTarget(589824) extendedPlatform(0)
Refreshing native plugins compatible for Editor in 0.36 ms, found 2 plugins.
Preloading 0 native plugins for Editor in 0.00 ms.
Unloading 1742 Unused Serialized files (Serialized files now loaded: 0)
System memory in use before: 79.4 MB.
System memory in use after: 79.5 MB.

Unloading 12 unused Assets to reduce memory usage. Loaded Objects now: 2214.
Total: 2.668900 ms (FindLiveObjects: 0.167600 ms CreateObjectMapping: 0.055000 ms MarkObjects: 2.431200 ms  DeleteObjects: 0.013700 ms)

AssetImportParameters requested are different than current active one (requested -> active):
  custom:framework-win-MediaFoundation: 216162199b28c13a410421893ffa2e32 -> 
  custom:video-decoder-ogg-theora: a1e56fd34408186e4bbccfd4996cb3dc -> 
  custom:container-muxer-webm: aa71ff27fc2769a1b78a27578f13a17b -> 
  custom:container-demuxer-webm: 4f35f7cbe854078d1ac9338744f61a02 -> 
  custom:container-demuxer-ogg: 62fdf1f143b41e24485cea50d1cbac27 -> 
  custom:video-encoder-webm-vp8: eb34c28f22e8b96e1ab97ce403110664 -> 
  custom:video-decoder-webm-vp8: 9c59270c3fd7afecdb556c50c9e8de78 -> 
  custom:graphics/normal-map-encoding: 01000000000000000000000000000000 -> 02000000000000000000000000000000
  custom:audio-decoder-ogg-vorbis: bf7c407c2cedff20999df2af8eb42d56 -> 
  custom:audio-encoder-webm-vorbis: bf7c407c2cedff20999df2af8eb42d56 -> 
========================================================================
Received Import Request.
  Time since last request: 269.764947 seconds.
  path: Assets/ImageTracking.cs
  artifactKey: Guid(421402f283303d04caaa498ab8849050) Importer(815301076,1909f56bfc062723c751e8b465ee728b)
Start importing Assets/ImageTracking.cs using Guid(421402f283303d04caaa498ab8849050) Importer(815301076,1909f56bfc062723c751e8b465ee728b)  -> (artifact id: 'e4e9ec1c5a0b5260ae19b61d6e2a487c') in 0.003666 seconds 
  Import took 0.006081 seconds .

========================================================================
Received Prepare
Refreshing native plugins compatible for Editor in 1.73 ms, found 2 plugins.
Preloading 0 native plugins for Editor in 0.00 ms.
Unloading 9 Unused Serialized files (Serialized files now loaded: 0)
System memory in use before: 45.0 MB.
System memory in use after: 45.1 MB.

Unloading 9 unused Assets to reduce memory usage. Loaded Objects now: 2214.
Total: 2.849800 ms (FindLiveObjects: 0.214200 ms CreateObjectMapping: 0.069000 ms MarkObjects: 2.554200 ms  DeleteObjects: 0.011600 ms)

AssetImportParameters requested are different than current active one (requested -> active):
  custom:framework-win-MediaFoundation: 216162199b28c13a410421893ffa2e32 -> 
  custom:video-decoder-ogg-theora: a1e56fd34408186e4bbccfd4996cb3dc -> 
  custom:container-muxer-webm: aa71ff27fc2769a1b78a27578f13a17b -> 
  custom:container-demuxer-webm: 4f35f7cbe854078d1ac9338744f61a02 -> 
  custom:container-demuxer-ogg: 62fdf1f143b41e24485cea50d1cbac27 -> 
  custom:video-encoder-webm-vp8: eb34c28f22e8b96e1ab97ce403110664 -> 
  custom:video-decoder-webm-vp8: 9c59270c3fd7afecdb556c50c9e8de78 -> 
  custom:audio-decoder-ogg-vorbis: bf7c407c2cedff20999df2af8eb42d56 -> 
  custom:audio-encoder-webm-vorbis: bf7c407c2cedff20999df2af8eb42d56 -> 
========================================================================
Received Prepare
Registering precompiled user dll's ...
Registered in 0.001632 seconds.
Begin MonoManager ReloadAssembly
Native extension for WindowsStandalone target not found
Refreshing native plugins compatible for Editor in 0.40 ms, found 2 plugins.
Preloading 0 native plugins for Editor in 0.00 ms.
Mono: successfully reloaded assembly
- Completed reload, in  0.875 seconds
Domain Reload Profiling:
	ReloadAssembly (875ms)
		BeginReloadAssembly (102ms)
			ExecutionOrderSort (0ms)
			DisableScriptedObjects (4ms)
			BackupInstance (0ms)
			ReleaseScriptingObjects (0ms)
			CreateAndSetChildDomain (28ms)
		EndReloadAssembly (720ms)
			LoadAssemblies (69ms)
			RebuildTransferFunctionScriptingTraits (0ms)
			SetupTypeCache (246ms)
			ReleaseScriptCaches (1ms)
			RebuildScriptCaches (34ms)
			SetupLoadedEditorAssemblies (243ms)
				LogAssemblyErrors (0ms)
				InitializePlatformSupportModulesInManaged (4ms)
				SetLoadedEditorAssemblies (0ms)
				RefreshPlugins (0ms)
				BeforeProcessingInitializeOnLoad (73ms)
				ProcessInitializeOnLoadAttributes (157ms)
				ProcessInitializeOnLoadMethodAttributes (3ms)
				AfterProcessingInitializeOnLoad (5ms)
				EditorAssembliesLoaded (0ms)
			ExecutionOrderSort2 (0ms)
			AwakeInstancesAfterBackupRestoration (6ms)
Platform modules already initialized, skipping
Switching build target platform(19) subTarget(0) extendedPlatform(0) -> platform(13) subTarget(589824) extendedPlatform(0)
Refreshing native plugins compatible for Editor in 0.48 ms, found 2 plugins.
Preloading 0 native plugins for Editor in 0.00 ms.
Unloading 1742 Unused Serialized files (Serialized files now loaded: 0)
System memory in use before: 79.4 MB.
System memory in use after: 79.5 MB.

Unloading 12 unused Assets to reduce memory usage. Loaded Objects now: 2217.
Total: 2.878200 ms (FindLiveObjects: 0.173800 ms CreateObjectMapping: 0.055300 ms MarkObjects: 2.634000 ms  DeleteObjects: 0.014100 ms)

AssetImportParameters requested are different than current active one (requested -> active):
  custom:framework-win-MediaFoundation: 216162199b28c13a410421893ffa2e32 -> 
  custom:video-decoder-ogg-theora: a1e56fd34408186e4bbccfd4996cb3dc -> 
  custom:container-muxer-webm: aa71ff27fc2769a1b78a27578f13a17b -> 
  custom:container-demuxer-webm: 4f35f7cbe854078d1ac9338744f61a02 -> 
  custom:container-demuxer-ogg: 62fdf1f143b41e24485cea50d1cbac27 -> 
  custom:video-encoder-webm-vp8: eb34c28f22e8b96e1ab97ce403110664 -> 
  custom:video-decoder-webm-vp8: 9c59270c3fd7afecdb556c50c9e8de78 -> 
  custom:graphics/normal-map-encoding: 01000000000000000000000000000000 -> 02000000000000000000000000000000
  custom:audio-decoder-ogg-vorbis: bf7c407c2cedff20999df2af8eb42d56 -> 
  custom:audio-encoder-webm-vorbis: bf7c407c2cedff20999df2af8eb42d56 -> 
========================================================================
Received Prepare
Refreshing native plugins compatible for Editor in 1.62 ms, found 2 plugins.
Preloading 0 native plugins for Editor in 0.00 ms.
Unloading 9 Unused Serialized files (Serialized files now loaded: 0)
System memory in use before: 45.0 MB.
System memory in use after: 45.1 MB.

Unloading 9 unused Assets to reduce memory usage. Loaded Objects now: 2217.
Total: 3.003400 ms (FindLiveObjects: 0.168500 ms CreateObjectMapping: 0.057300 ms MarkObjects: 2.766900 ms  DeleteObjects: 0.010000 ms)

AssetImportParameters requested are different than current active one (requested -> active):
  custom:framework-win-MediaFoundation: 216162199b28c13a410421893ffa2e32 -> 
  custom:video-decoder-ogg-theora: a1e56fd34408186e4bbccfd4996cb3dc -> 
  custom:container-muxer-webm: aa71ff27fc2769a1b78a27578f13a17b -> 
  custom:container-demuxer-webm: 4f35f7cbe854078d1ac9338744f61a02 -> 
  custom:container-demuxer-ogg: 62fdf1f143b41e24485cea50d1cbac27 -> 
  custom:video-encoder-webm-vp8: eb34c28f22e8b96e1ab97ce403110664 -> 
  custom:video-decoder-webm-vp8: 9c59270c3fd7afecdb556c50c9e8de78 -> 
  custom:audio-decoder-ogg-vorbis: bf7c407c2cedff20999df2af8eb42d56 -> 
  custom:audio-encoder-webm-vorbis: bf7c407c2cedff20999df2af8eb42d56 -> 
========================================================================
Received Prepare
Registering precompiled user dll's ...
Registered in 0.001467 seconds.
Begin MonoManager ReloadAssembly
Native extension for WindowsStandalone target not found
Refreshing native plugins compatible for Editor in 0.37 ms, found 2 plugins.
Preloading 0 native plugins for Editor in 0.00 ms.
Mono: successfully reloaded assembly
- Completed reload, in  0.850 seconds
Domain Reload Profiling:
	ReloadAssembly (850ms)
		BeginReloadAssembly (104ms)
			ExecutionOrderSort (0ms)
			DisableScriptedObjects (4ms)
			BackupInstance (0ms)
			ReleaseScriptingObjects (0ms)
			CreateAndSetChildDomain (27ms)
		EndReloadAssembly (691ms)
			LoadAssemblies (76ms)
			RebuildTransferFunctionScriptingTraits (0ms)
			SetupTypeCache (234ms)
			ReleaseScriptCaches (1ms)
			RebuildScriptCaches (31ms)
			SetupLoadedEditorAssemblies (231ms)
				LogAssemblyErrors (0ms)
				InitializePlatformSupportModulesInManaged (4ms)
				SetLoadedEditorAssemblies (0ms)
				RefreshPlugins (0ms)
				BeforeProcessingInitializeOnLoad (65ms)
				ProcessInitializeOnLoadAttributes (152ms)
				ProcessInitializeOnLoadMethodAttributes (3ms)
				AfterProcessingInitializeOnLoad (5ms)
				EditorAssembliesLoaded (0ms)
			ExecutionOrderSort2 (0ms)
			AwakeInstancesAfterBackupRestoration (6ms)
Platform modules already initialized, skipping
Switching build target platform(19) subTarget(0) extendedPlatform(0) -> platform(13) subTarget(589824) extendedPlatform(0)
Refreshing native plugins compatible for Editor in 0.36 ms, found 2 plugins.
Preloading 0 native plugins for Editor in 0.00 ms.
Unloading 1742 Unused Serialized files (Serialized files now loaded: 0)
System memory in use before: 79.4 MB.
System memory in use after: 79.5 MB.

Unloading 12 unused Assets to reduce memory usage. Loaded Objects now: 2220.
Total: 2.469500 ms (FindLiveObjects: 0.168300 ms CreateObjectMapping: 0.053700 ms MarkObjects: 2.233200 ms  DeleteObjects: 0.013200 ms)

AssetImportParameters requested are different than current active one (requested -> active):
  custom:framework-win-MediaFoundation: 216162199b28c13a410421893ffa2e32 -> 
  custom:video-decoder-ogg-theora: a1e56fd34408186e4bbccfd4996cb3dc -> 
  custom:container-muxer-webm: aa71ff27fc2769a1b78a27578f13a17b -> 
  custom:container-demuxer-webm: 4f35f7cbe854078d1ac9338744f61a02 -> 
  custom:container-demuxer-ogg: 62fdf1f143b41e24485cea50d1cbac27 -> 
  custom:video-encoder-webm-vp8: eb34c28f22e8b96e1ab97ce403110664 -> 
  custom:video-decoder-webm-vp8: 9c59270c3fd7afecdb556c50c9e8de78 -> 
  custom:graphics/normal-map-encoding: 01000000000000000000000000000000 -> 02000000000000000000000000000000
  custom:audio-decoder-ogg-vorbis: bf7c407c2cedff20999df2af8eb42d56 -> 
  custom:audio-encoder-webm-vorbis: bf7c407c2cedff20999df2af8eb42d56 -> 
========================================================================
Received Import Request.
  Time since last request: 1529.619142 seconds.
  path: Assets/FE-logo.png
  artifactKey: Guid(46c4a3e5bb5227f4989971d01c657fda) Importer(815301076,1909f56bfc062723c751e8b465ee728b)
Start importing Assets/FE-logo.png using Guid(46c4a3e5bb5227f4989971d01c657fda) Importer(815301076,1909f56bfc062723c751e8b465ee728b)  -> (artifact id: '0cf7a27ae56823bb7a0fa02acd9f85fe') in 0.048049 seconds 
  Import took 0.051159 seconds .

========================================================================
Received Import Request.
  Time since last request: 322.479087 seconds.
  path: Assets/1. Start Screen.png
  artifactKey: Guid(05046e9c2403c1449aad5150c36c9732) Importer(815301076,1909f56bfc062723c751e8b465ee728b)
Start importing Assets/1. Start Screen.png using Guid(05046e9c2403c1449aad5150c36c9732) Importer(815301076,1909f56bfc062723c751e8b465ee728b)  -> (artifact id: 'b6a0acadd64d376ef58652a863e526c1') in 0.032253 seconds 
  Import took 0.035499 seconds .

========================================================================
Received Prepare
Refreshing native plugins compatible for Editor in 1.81 ms, found 2 plugins.
Preloading 0 native plugins for Editor in 0.00 ms.
Unloading 9 Unused Serialized files (Serialized files now loaded: 0)
System memory in use before: 45.0 MB.
System memory in use after: 45.2 MB.

Unloading 9 unused Assets to reduce memory usage. Loaded Objects now: 2220.
Total: 5.050000 ms (FindLiveObjects: 0.213500 ms CreateObjectMapping: 0.061600 ms MarkObjects: 4.753000 ms  DeleteObjects: 0.020900 ms)

AssetImportParameters requested are different than current active one (requested -> active):
  custom:framework-win-MediaFoundation: 216162199b28c13a410421893ffa2e32 -> 
  custom:video-decoder-ogg-theora: a1e56fd34408186e4bbccfd4996cb3dc -> 
  custom:container-muxer-webm: aa71ff27fc2769a1b78a27578f13a17b -> 
  custom:container-demuxer-webm: 4f35f7cbe854078d1ac9338744f61a02 -> 
  custom:container-demuxer-ogg: 62fdf1f143b41e24485cea50d1cbac27 -> 
  custom:video-encoder-webm-vp8: eb34c28f22e8b96e1ab97ce403110664 -> 
  custom:video-decoder-webm-vp8: 9c59270c3fd7afecdb556c50c9e8de78 -> 
  custom:audio-decoder-ogg-vorbis: bf7c407c2cedff20999df2af8eb42d56 -> 
  custom:audio-encoder-webm-vorbis: bf7c407c2cedff20999df2af8eb42d56 -> 
========================================================================
Received Prepare
Refreshing native plugins compatible for Editor in 1.60 ms, found 2 plugins.
Preloading 0 native plugins for Editor in 0.00 ms.
Unloading 9 Unused Serialized files (Serialized files now loaded: 0)
System memory in use before: 45.0 MB.
System memory in use after: 45.2 MB.

Unloading 9 unused Assets to reduce memory usage. Loaded Objects now: 2220.
Total: 3.075300 ms (FindLiveObjects: 0.215700 ms CreateObjectMapping: 0.061200 ms MarkObjects: 2.783600 ms  DeleteObjects: 0.013500 ms)

AssetImportParameters requested are different than current active one (requested -> active):
  custom:framework-win-MediaFoundation: 216162199b28c13a410421893ffa2e32 -> 
  custom:video-decoder-ogg-theora: a1e56fd34408186e4bbccfd4996cb3dc -> 
  custom:container-muxer-webm: aa71ff27fc2769a1b78a27578f13a17b -> 
  custom:container-demuxer-webm: 4f35f7cbe854078d1ac9338744f61a02 -> 
  custom:container-demuxer-ogg: 62fdf1f143b41e24485cea50d1cbac27 -> 
  custom:video-encoder-webm-vp8: eb34c28f22e8b96e1ab97ce403110664 -> 
  custom:video-decoder-webm-vp8: 9c59270c3fd7afecdb556c50c9e8de78 -> 
  custom:audio-decoder-ogg-vorbis: bf7c407c2cedff20999df2af8eb42d56 -> 
  custom:audio-encoder-webm-vorbis: bf7c407c2cedff20999df2af8eb42d56 -> 
========================================================================
Received Prepare
Refreshing native plugins compatible for Editor in 1.57 ms, found 2 plugins.
Preloading 0 native plugins for Editor in 0.00 ms.
Unloading 9 Unused Serialized files (Serialized files now loaded: 0)
System memory in use before: 45.0 MB.
System memory in use after: 45.2 MB.

Unloading 9 unused Assets to reduce memory usage. Loaded Objects now: 2220.
Total: 2.715600 ms (FindLiveObjects: 0.161700 ms CreateObjectMapping: 0.051700 ms MarkObjects: 2.492200 ms  DeleteObjects: 0.009500 ms)

AssetImportParameters requested are different than current active one (requested -> active):
  custom:framework-win-MediaFoundation: 216162199b28c13a410421893ffa2e32 -> 
  custom:video-decoder-ogg-theora: a1e56fd34408186e4bbccfd4996cb3dc -> 
  custom:container-muxer-webm: aa71ff27fc2769a1b78a27578f13a17b -> 
  custom:container-demuxer-webm: 4f35f7cbe854078d1ac9338744f61a02 -> 
  custom:container-demuxer-ogg: 62fdf1f143b41e24485cea50d1cbac27 -> 
  custom:video-encoder-webm-vp8: eb34c28f22e8b96e1ab97ce403110664 -> 
  custom:video-decoder-webm-vp8: 9c59270c3fd7afecdb556c50c9e8de78 -> 
  custom:audio-decoder-ogg-vorbis: bf7c407c2cedff20999df2af8eb42d56 -> 
  custom:audio-encoder-webm-vorbis: bf7c407c2cedff20999df2af8eb42d56 -> 
========================================================================
Received Prepare
Refreshing native plugins compatible for Editor in 2.26 ms, found 2 plugins.
Preloading 0 native plugins for Editor in 0.00 ms.
Unloading 9 Unused Serialized files (Serialized files now loaded: 0)
System memory in use before: 45.0 MB.
System memory in use after: 45.2 MB.

Unloading 9 unused Assets to reduce memory usage. Loaded Objects now: 2220.
Total: 3.407900 ms (FindLiveObjects: 0.184700 ms CreateObjectMapping: 0.054700 ms MarkObjects: 3.156000 ms  DeleteObjects: 0.011100 ms)

AssetImportParameters requested are different than current active one (requested -> active):
  custom:framework-win-MediaFoundation: 216162199b28c13a410421893ffa2e32 -> 
  custom:video-decoder-ogg-theora: a1e56fd34408186e4bbccfd4996cb3dc -> 
  custom:container-muxer-webm: aa71ff27fc2769a1b78a27578f13a17b -> 
  custom:container-demuxer-webm: 4f35f7cbe854078d1ac9338744f61a02 -> 
  custom:container-demuxer-ogg: 62fdf1f143b41e24485cea50d1cbac27 -> 
  custom:video-encoder-webm-vp8: eb34c28f22e8b96e1ab97ce403110664 -> 
  custom:video-decoder-webm-vp8: 9c59270c3fd7afecdb556c50c9e8de78 -> 
  custom:audio-decoder-ogg-vorbis: bf7c407c2cedff20999df2af8eb42d56 -> 
  custom:audio-encoder-webm-vorbis: bf7c407c2cedff20999df2af8eb42d56 -> 
AssetImportWorkerClient::OnTransportError - code=2 error=End of file
